<?xml version="1.0" encoding="UTF-8"?>
<testsuite xmlns:xsi="http://www.w3.org/2001/XMLSchema-instance" xsi:noNamespaceSchemaLocation="https://maven.apache.org/surefire/maven-surefire-plugin/xsd/surefire-test-report-3.0.xsd" version="3.0" name="TestSuite" time="2.352" tests="8" errors="0" skipped="0" failures="0">
  <properties>
[...]
</properties>
  <testcase name="testList_Argument_Matchers on testList_Argument_Matchers(org.argumentMatcher.TestList)" classname="org.argumentMatcher.TestList" time="1.431">
    <system-out><![CDATA[Usage: <main class> [options] The XML suite files to run
  Options:
    -alwaysrunlisteners
      Should MethodInvocation Listeners be run even for skipped methods
      Default: true
    -configfailurepolicy
      Configuration failure policy (skip or continue)
    -d
      Output directory
    -dataproviderthreadcount
      Number of threads to use when running data providers
    -dependencyinjectorfactory
      The dependency injector factory implementation that TestNG should use.
    -excludegroups
      Comma-separated list of group names to  exclude
    -failwheneverythingskipped
      Should TestNG fail execution if all tests were skipped and nothing was 
      run. 
      Default: false
    -groups
      Comma-separated list of group names to be run
    -includeAllDataDrivenTestsWhenSkipping
      Should TestNG report all iterations of a data driven test as individual 
      skips, in-case of upstream failures.
      Default: false
    -junit
      JUnit mode
      Default: false
    -listener
      List of .class files or list of class names implementing ITestListener 
      or ISuiteListener
    -methods
      Comma separated of test methods
      Default: []
    -methodselectors
      List of .class files or list of class names implementing IMethodSelector
    -mixed
      Mixed mode - autodetect the type of current test and run it with 
      appropriate runner
      Default: false
    -objectfactory
      List of .class files or list of class names implementing 
      ITestRunnerFactory 
    -overrideincludedmethods
      Comma separated fully qualified class names of listeners that should be 
      skipped from being wired in via Service Loaders.
      Default: false
    -parallel
      Parallel mode (methods, tests or classes)
      Possible Values: [tests, methods, classes, instances, none]
    -port
      The port
    -propagateDataProviderFailureAsTestFailure
      Should TestNG consider failures in Data Providers  as test failures.
      Default: false
    -reporter
      Extended configuration for custom report listener
    -spilistenerstoskip
      Comma separated fully qualified class names of listeners that should be 
      skipped from being wired in via Service Loaders.
      Default: <empty string>
    -suitename
      Default name of test suite, if not specified in suite definition file or 
      source code
    -suitethreadpoolsize
      Size of the thread pool to use to run suites
      Default: 1
    -testclass
      The list of test classes
    -testjar
      A jar file containing the tests
    -testname
      Default name of test, if not specified in suitedefinition file or source 
      code 
    -testnames
      The list of test names to run
    -testrunfactory, -testRunFactory
      The factory used to create tests
    -threadcount
      Number of threads to use when running tests in parallel
    -threadpoolfactoryclass
      The threadpool executor factory implementation that TestNG should use.
    -usedefaultlisteners
      Whether to use the default listeners
      Default: true
    -log, -verbose
      Level of verbosity
    -xmlpathinjar
      The full path to the xml file inside the jar file (only valid if 
      -testjar was specified)
      Default: testng.xml

]]></system-out>
    <system-err><![CDATA[SLF4J: Failed to load class "org.slf4j.impl.StaticLoggerBinder".
SLF4J: Defaulting to no-operation (NOP) logger implementation
SLF4J: See http://www.slf4j.org/codes.html#StaticLoggerBinder for further details.
]]></system-err>
  </testcase>
  <testcase name="testList_ThrowsException on testList_ThrowsException(org.argumentMatcher.TestList)" classname="org.argumentMatcher.TestList" time="0.008"/>
  <testcase name="testList_usingBDD on testList_usingBDD(org.behaviorDrivenDevelopment.TestList)" classname="org.behaviorDrivenDevelopment.TestList" time="0.013"/>
  <testcase name="test on test(org.mockTest.SpyTest)" classname="org.mockTest.SpyTest" time="0.272"/>
  <testcase name="testList_ReturnsSingle_value on testList_ReturnsSingle_value(org.mockTest.TestList)" classname="org.mockTest.TestList" time="0.008">
    <system-out><![CDATA[1
Mock for List, hashCode: 271002555
]]></system-out>
  </testcase>
  <testcase name="testList_get on testList_get(org.mockTest.TestListGet)" classname="org.mockTest.TestListGet" time="0.005">
    <system-out><![CDATA[Mockito
]]></system-out>
  </testcase>
  <testcase name="testList_Returns_MultipleValues on testList_Returns_MultipleValues(org.mockTest.TestListMultipleValues)" classname="org.mockTest.TestListMultipleValues" time="0.005">
    <system-out><![CDATA[3
Mock for List, hashCode: 40910225
]]></system-out>
  </testcase>
  <testcase name="getTodosSpring on getTodosSpring(org.stubbing.ToDoBusinessTest)" classname="org.stubbing.ToDoBusinessTest" time="0.003">
    <system-out><![CDATA[ Stub is working correctly...!!
]]></system-out>
  </testcase>
</testsuite>