<?xml version="1.0" encoding="UTF-8"?>
<testng-results ignored="0" total="8" passed="8" failed="0" skipped="0">
  <reporter-output>
  </reporter-output>
  <suite started-at="2023-08-31T12:45:01 EEST" name="Surefire suite" finished-at="2023-08-31T12:45:03 EEST" duration-ms="1837">
    <groups>
    </groups>
    <test started-at="2023-08-31T12:45:01 EEST" name="Surefire test" finished-at="2023-08-31T12:45:03 EEST" duration-ms="1837">
      <class name="org.mockTest.TestList">
        <test-method signature="testList_ReturnsSingle_value()" started-at="2023-08-31T12:45:03 EEST" name="testList_ReturnsSingle_value" finished-at="2023-08-31T12:45:03 EEST" duration-ms="7" status="PASS">
          <reporter-output>
          </reporter-output>
        </test-method> <!-- testList_ReturnsSingle_value -->
      </class> <!-- org.mockTest.TestList -->
      <class name="org.stubbing.ToDoBusinessTest">
        <test-method signature="getTodosSpring()" started-at="2023-08-31T12:45:03 EEST" name="getTodosSpring" finished-at="2023-08-31T12:45:03 EEST" duration-ms="3" status="PASS">
          <reporter-output>
          </reporter-output>
        </test-method> <!-- getTodosSpring -->
      </class> <!-- org.stubbing.ToDoBusinessTest -->
      <class name="org.mockTest.TestListMultipleValues">
        <test-method signature="testList_Returns_MultipleValues()" started-at="2023-08-31T12:45:03 EEST" name="testList_Returns_MultipleValues" finished-at="2023-08-31T12:45:03 EEST" duration-ms="3" status="PASS">
          <reporter-output>
          </reporter-output>
        </test-method> <!-- testList_Returns_MultipleValues -->
      </class> <!-- org.mockTest.TestListMultipleValues -->
      <class name="org.argumentMatcher.TestList">
        <test-method signature="testList_Argument_Matchers()" started-at="2023-08-31T12:45:01 EEST" name="testList_Argument_Matchers" finished-at="2023-08-31T12:45:03 EEST" duration-ms="1445" status="PASS">
          <reporter-output>
          </reporter-output>
        </test-method> <!-- testList_Argument_Matchers -->
        <test-method signature="testList_ThrowsException()" started-at="2023-08-31T12:45:01 EEST" name="testList_ThrowsException" finished-at="2023-08-31T12:45:03 EEST" duration-ms="1453" status="PASS">
          <reporter-output>
          </reporter-output>
        </test-method> <!-- testList_ThrowsException -->
      </class> <!-- org.argumentMatcher.TestList -->
      <class name="org.behaviorDrivenDevelopment.TestList">
        <test-method signature="testList_usingBDD()" started-at="2023-08-31T12:45:03 EEST" name="testList_usingBDD" finished-at="2023-08-31T12:45:03 EEST" duration-ms="12" status="PASS">
          <reporter-output>
          </reporter-output>
        </test-method> <!-- testList_usingBDD -->
      </class> <!-- org.behaviorDrivenDevelopment.TestList -->
      <class name="org.mockTest.TestListGet">
        <test-method signature="testList_get()" started-at="2023-08-31T12:45:03 EEST" name="testList_get" finished-at="2023-08-31T12:45:03 EEST" duration-ms="4" status="PASS">
          <reporter-output>
          </reporter-output>
        </test-method> <!-- testList_get -->
      </class> <!-- org.mockTest.TestListGet -->
      <class name="org.mockTest.SpyTest">
        <test-method signature="test()" started-at="2023-08-31T12:45:03 EEST" name="test" finished-at="2023-08-31T12:45:03 EEST" duration-ms="272" status="PASS">
          <reporter-output>
          </reporter-output>
        </test-method> <!-- test -->
      </class> <!-- org.mockTest.SpyTest -->
    </test> <!-- Surefire test -->
  </suite> <!-- Surefire suite -->
</testng-results>
