<?xml version="1.0" encoding="UTF-8"?>
<!-- Generated by org.testng.reporters.JUnitXMLReporter -->
<testsuite ignored="0" hostname="DESKTOP-2PLNAM7" failures="0" tests="8" name="Surefire test" time="1.837" errors="0" timestamp="2023-08-31T12:45:03 EEST">
  <testcase classname="org.argumentMatcher.TestList" name="testList_Argument_Matchers on testList_Argument_Matchers(org.argumentMatcher.TestList)" time="1.445"/>
  <testcase classname="org.argumentMatcher.TestList" name="testList_ThrowsException on testList_ThrowsException(org.argumentMatcher.TestList)" time="1.453"/>
  <testcase classname="org.behaviorDrivenDevelopment.TestList" name="testList_usingBDD on testList_usingBDD(org.behaviorDrivenDevelopment.TestList)" time="0.012"/>
  <testcase classname="org.mockTest.SpyTest" name="test on test(org.mockTest.SpyTest)" time="0.272"/>
  <testcase classname="org.mockTest.TestList" name="testList_ReturnsSingle_value on testList_ReturnsSingle_value(org.mockTest.TestList)" time="0.007"/>
  <testcase classname="org.mockTest.TestListGet" name="testList_get on testList_get(org.mockTest.TestListGet)" time="0.004"/>
  <testcase classname="org.mockTest.TestListMultipleValues" name="testList_Returns_MultipleValues on testList_Returns_MultipleValues(org.mockTest.TestListMultipleValues)" time="0.003"/>
  <testcase classname="org.stubbing.ToDoBusinessTest" name="getTodosSpring on getTodosSpring(org.stubbing.ToDoBusinessTest)" time="0.003"/>
</testsuite> <!-- Surefire test -->
